#
# A fatal error has been detected by the Java Runtime Environment:
#
#  SIGSEGV (0xb) at pc=0x00007fffc93b243c, pid=8740, tid=0x0000000000008107
#
# JRE version: Java(TM) SE Runtime Environment (8.0_102-b14) (build 1.8.0_102-b14)
# Java VM: Java HotSpot(TM) 64-Bit Server VM (25.102-b14 mixed mode bsd-amd64 compressed oops)
# Problematic frame:
# C  [libsystem_pthread.dylib+0x643c]  pthread_kill+0x3f
#
# Failed to write core dump. Core dumps have been disabled. To enable core dumping, try "ulimit -c unlimited" before starting Java again
#
# If you would like to submit a bug report, please visit:
#   http://bugreport.java.com/bugreport/crash.jsp
# The crash happened outside the Java Virtual Machine in native code.
# See problematic frame for where to report the bug.
#

---------------  T H R E A D  ---------------

Current thread (0x00007fc2763da000):  JavaThread "Thread-3" [_thread_in_native, id=33031, stack(0x0000700008e94000,0x0000700008f94000)]

siginfo: si_signo: 11 (SIGSEGV), si_code: 1 (SEGV_MAPERR), si_addr: 0x000070000aae5018

Registers:
RAX=0x0000000000000003, RBX=0x0000000000000017, RCX=0x000000000c000000, RDX=0x0000000000000000
RSP=0x0000700008f93000, RBP=0x0000700008f93020, RSI=0x00007fffd2111308, RDI=0x0000000001000002
R8 =0x0000000000000003, R9 =0x0000000000000280, R10=0x0000000000000000, R11=0x0000000000000246
R12=0x0000000000000000, R13=0x0000000122474998, R14=0x000070000aae5000, R15=0x00007fc2763da000
RIP=0x00007fffc93b243c, EFLAGS=0x0000000000010246, ERR=0x0000000000000004
  TRAPNO=0x000000000000000e

Top of Stack: (sp=0x0000700008f93000)
0x0000700008f93000:   0000000000000017 000079030aae5000
0x0000700008f93010:   00007fc2763da1f8 0000700008f930c8
0x0000700008f93020:   0000700008f93040 000000010fb2eed9
0x0000700008f93030:   0000700008f930a0 0000000122474998
0x0000700008f93040:   0000700008f930a0 0000000110b38c64
0x0000700008f93050:   0000000110b4a8c3 0000000110b386e2
0x0000700008f93060:   0000700008f93060 0000000122474998
0x0000700008f93070:   0000700008f930c8 0000000122474b48
0x0000700008f93080:   0000000000000000 0000000122474998
0x0000700008f93090:   0000000000000000 0000700008f930c0
0x0000700008f930a0:   0000700008f93120 0000000110b2133d
0x0000700008f930b0:   00000007a1bafa28 0000000110b2f478
0x0000700008f930c0:   000070000aae5000 00000007a1887dd8
0x0000700008f930d0:   0000000000000009 00000007a1887ea8
0x0000700008f930e0:   0000700008f930d0 000000012242c0e5
0x0000700008f930f0:   0000700008f93150 000000012242cd78
0x0000700008f93100:   0000000000000000 000000012242c128
0x0000700008f93110:   0000700008f930c0 0000700008f93150
0x0000700008f93120:   0000700008f93198 0000000110b2133d
0x0000700008f93130:   0000000000000000 000070000aae5000
0x0000700008f93140:   0000000000000000 00000007a1887ea8
0x0000700008f93150:   00000007a1887dd8 0000700008f93158
0x0000700008f93160:   00000001224260d9 0000700008f931d0
0x0000700008f93170:   0000000122426ec0 0000000000000000
0x0000700008f93180:   0000000122426148 0000700008f93150
0x0000700008f93190:   0000700008f931d0 0000700008f93228
0x0000700008f931a0:   0000000110b2133d 0000000000000000
0x0000700008f931b0:   0000000000000000 0000000000000000
0x0000700008f931c0:   0000000000000000 0000000000000000
0x0000700008f931d0:   00000007a1887dd8 0000000000000009
0x0000700008f931e0:   00000007a1887e38 0000700008f931d8
0x0000700008f931f0:   000000010e3fcc47 0000700008f93248 

Instructions: (pc=0x00007fffc93b243c)
0x00007fffc93b241c:   00 00 48 8d 75 ec 31 d2 4c 89 f7 e8 ef de ff ff
0x00007fffc93b242c:   89 c1 b8 03 00 00 00 85 c9 75 2c b9 00 00 00 0c
0x00007fffc93b243c:   41 23 4e 18 b8 2d 00 00 00 81 f9 00 00 00 04 74
0x00007fffc93b244c:   16 8b 7d ec 89 de e8 3b 1d 00 00 83 f8 ff 75 07 

Register to memory mapping:

RAX=0x0000000000000003 is an unknown value
RBX=0x0000000000000017 is an unknown value
RCX=0x000000000c000000 is an unknown value
RDX=0x0000000000000000 is an unknown value
RSP=0x0000700008f93000 is pointing into the stack for thread: 0x00007fc2763da000
RBP=0x0000700008f93020 is pointing into the stack for thread: 0x00007fc2763da000
RSI=0x00007fffd2111308: _pthread_list_lock+0 in /usr/lib/system/libsystem_pthread.dylib at 0x00007fffc93ac000
RDI=0x0000000001000002 is an unknown value
R8 =0x0000000000000003 is an unknown value
R9 =0x0000000000000280 is an unknown value
R10=0x0000000000000000 is an unknown value
R11=0x0000000000000246 is an unknown value
R12=0x0000000000000000 is an unknown value
R13={method} {0x0000000122474998} 'signal' '(J)V' in 'sun/nio/ch/NativeThread'
R14=0x000070000aae5000 is an unknown value
R15=0x00007fc2763da000 is a thread


Stack: [0x0000700008e94000,0x0000700008f94000],  sp=0x0000700008f93000,  free space=1020k
Native frames: (J=compiled Java code, j=interpreted, Vv=VM code, C=native code)
C  [libsystem_pthread.dylib+0x643c]  pthread_kill+0x3f
C  [libnio.dylib+0x2ed9]  Java_sun_nio_ch_NativeThread_signal+0x19
j  sun.nio.ch.NativeThread.signal(J)V+0
j  sun.nio.ch.ServerSocketChannelImpl.implCloseSelectableChannel()V+37
j  java.nio.channels.spi.AbstractSelectableChannel.implCloseChannel()V+1
j  java.nio.channels.spi.AbstractInterruptibleChannel.close()V+23
j  sun.nio.ch.ServerSocketAdaptor.close()V+4
j  org.apache.tomcat.util.net.NioEndpoint.unbind()V+70
j  org.apache.tomcat.util.net.AbstractEndpoint.stop()V+15
j  org.apache.coyote.AbstractProtocol.stop()V+58
j  org.apache.catalina.connector.Connector.stopInternal()V+11
j  org.apache.catalina.util.LifecycleBase.stop()V+214
j  org.apache.catalina.core.StandardService.stopInternal()V+214
j  org.apache.catalina.util.LifecycleBase.stop()V+214
j  org.apache.catalina.core.StandardServer.stopInternal()V+31
j  org.apache.catalina.util.LifecycleBase.stop()V+214
j  org.apache.catalina.startup.Tomcat.stop()V+9
j  org.springframework.boot.context.embedded.tomcat.TomcatEmbeddedServletContainer.stopTomcat()V+29
j  org.springframework.boot.context.embedded.tomcat.TomcatEmbeddedServletContainer.stop()V+18
j  org.springframework.boot.context.embedded.EmbeddedWebApplicationContext.stopAndReleaseEmbeddedServletContainer()V+10
j  org.springframework.boot.context.embedded.EmbeddedWebApplicationContext.onClose()V+5
j  org.springframework.context.support.AbstractApplicationContext.doClose()V+128
j  org.springframework.context.support.AbstractApplicationContext$2.run()V+14
v  ~StubRoutines::call_stub
V  [libjvm.dylib+0x2ed5e2]
V  [libjvm.dylib+0x2edd70]
V  [libjvm.dylib+0x2edf1c]
V  [libjvm.dylib+0x348691]
V  [libjvm.dylib+0x56a4db]
V  [libjvm.dylib+0x56bbc8]
V  [libjvm.dylib+0x489ed2]
C  [libsystem_pthread.dylib+0x393b]  _pthread_body+0xb4
C  [libsystem_pthread.dylib+0x3887]  _pthread_body+0x0
C  [libsystem_pthread.dylib+0x308d]  thread_start+0xd
C  0x0000000000000000

Java frames: (J=compiled Java code, j=interpreted, Vv=VM code)
j  sun.nio.ch.NativeThread.signal(J)V+0
j  sun.nio.ch.ServerSocketChannelImpl.implCloseSelectableChannel()V+37
j  java.nio.channels.spi.AbstractSelectableChannel.implCloseChannel()V+1
j  java.nio.channels.spi.AbstractInterruptibleChannel.close()V+23
j  sun.nio.ch.ServerSocketAdaptor.close()V+4
j  org.apache.tomcat.util.net.NioEndpoint.unbind()V+70
j  org.apache.tomcat.util.net.AbstractEndpoint.stop()V+15
j  org.apache.coyote.AbstractProtocol.stop()V+58
j  org.apache.catalina.connector.Connector.stopInternal()V+11
j  org.apache.catalina.util.LifecycleBase.stop()V+214
j  org.apache.catalina.core.StandardService.stopInternal()V+214
j  org.apache.catalina.util.LifecycleBase.stop()V+214
j  org.apache.catalina.core.StandardServer.stopInternal()V+31
j  org.apache.catalina.util.LifecycleBase.stop()V+214
j  org.apache.catalina.startup.Tomcat.stop()V+9
j  org.springframework.boot.context.embedded.tomcat.TomcatEmbeddedServletContainer.stopTomcat()V+29
j  org.springframework.boot.context.embedded.tomcat.TomcatEmbeddedServletContainer.stop()V+18
j  org.springframework.boot.context.embedded.EmbeddedWebApplicationContext.stopAndReleaseEmbeddedServletContainer()V+10
j  org.springframework.boot.context.embedded.EmbeddedWebApplicationContext.onClose()V+5
j  org.springframework.context.support.AbstractApplicationContext.doClose()V+128
j  org.springframework.context.support.AbstractApplicationContext$2.run()V+14
v  ~StubRoutines::call_stub

---------------  P R O C E S S  ---------------

Java Threads: ( => current thread )
  0x00007fc275930800 JavaThread "localhost-startStop-2" daemon [_thread_blocked, id=24327, stack(0x00007000099b5000,0x0000700009ab5000)]
  0x00007fc27593d000 JavaThread "Tomcat-startStop-2" daemon [_thread_blocked, id=22791, stack(0x0000700008c8e000,0x0000700008d8e000)]
=>0x00007fc2763da000 JavaThread "Thread-3" [_thread_in_native, id=33031, stack(0x0000700008e94000,0x0000700008f94000)]
  0x00007fc275939800 JavaThread "SIGINT handler" daemon [_thread_blocked, id=17159, stack(0x000070000826d000,0x000070000836d000)]
  0x00007fc276bb2000 JavaThread "DestroyJavaVM" [_thread_blocked, id=6915, stack(0x0000700008373000,0x0000700008473000)]
  0x00007fc276c8e000 JavaThread "NioBlockingSelector.BlockPoller-1" daemon [_thread_in_native, id=21775, stack(0x00007000097af000,0x00007000098af000)]
  0x00007fc2759eb000 JavaThread "container-0" [_thread_blocked, id=23299, stack(0x0000700009ab8000,0x0000700009bb8000)]
  0x00007fc275084800 JavaThread "RMI TCP Accept-0" daemon [_thread_in_native, id=20739, stack(0x00007000095a9000,0x00007000096a9000)]
  0x00007fc2762d2800 JavaThread "RMI TCP Accept-61438" daemon [_thread_in_native, id=4359, stack(0x00007000094a6000,0x00007000095a6000)]
  0x00007fc276a84800 JavaThread "RMI TCP Accept-0" daemon [_thread_in_native, id=5639, stack(0x00007000093a3000,0x00007000094a3000)]
  0x00007fc276048800 JavaThread "Service Thread" daemon [_thread_blocked, id=20227, stack(0x00007000092a0000,0x00007000093a0000)]
  0x00007fc275017000 JavaThread "C1 CompilerThread2" daemon [_thread_blocked, id=19715, stack(0x000070000919d000,0x000070000929d000)]
  0x00007fc275822000 JavaThread "C2 CompilerThread1" daemon [_thread_blocked, id=19203, stack(0x000070000909a000,0x000070000919a000)]
  0x00007fc27502a800 JavaThread "C2 CompilerThread0" daemon [_thread_blocked, id=18691, stack(0x0000700008f97000,0x0000700009097000)]
  0x00007fc276839800 JavaThread "JDWP Event Helper Thread" daemon [_thread_blocked, id=17667, stack(0x0000700008d91000,0x0000700008e91000)]
  0x00007fc276030800 JavaThread "Signal Dispatcher" daemon [_thread_blocked, id=16643, stack(0x0000700008b8b000,0x0000700008c8b000)]
  0x00007fc275805000 JavaThread "Finalizer" daemon [_thread_blocked, id=12547, stack(0x0000700008a88000,0x0000700008b88000)]
  0x00007fc275023800 JavaThread "Reference Handler" daemon [_thread_blocked, id=12035, stack(0x0000700008985000,0x0000700008a85000)]

Other Threads:
  0x00007fc276018000 VMThread [stack: 0x0000700008882000,0x0000700008982000] [id=11523]
  0x00007fc276a9a000 WatcherThread [stack: 0x00007000096ac000,0x00007000097ac000] [id=21251]

VM state:not at safepoint (normal execution)

VM Mutex/Monitor currently owned by a thread: None

Heap:
 PSYoungGen      total 213504K, used 57456K [0x0000000795580000, 0x00000007a8d00000, 0x00000007c0000000)
  eden space 199168K, 24% used [0x0000000795580000,0x0000000798443de8,0x00000007a1800000)
  from space 14336K, 66% used [0x00000007a1800000,0x00000007a21582f0,0x00000007a2600000)
  to   space 14336K, 0% used [0x00000007a7f00000,0x00000007a7f00000,0x00000007a8d00000)
 ParOldGen       total 74240K, used 25800K [0x0000000740000000, 0x0000000744880000, 0x0000000795580000)
  object space 74240K, 34% used [0x0000000740000000,0x0000000741932018,0x0000000744880000)
 Metaspace       used 43172K, capacity 43714K, committed 44248K, reserved 1087488K
  class space    used 5696K, capacity 5841K, committed 5848K, reserved 1048576K

Card table byte_map: [0x00000001095c0000,0x00000001099c1000] byte_map_base: 0x0000000105bc0000

Marking Bits: (ParMarkBitMap*) 0x000000010816ad20
 Begin Bits: [0x0000000109c6c000, 0x000000010bc6c000)
 End Bits:   [0x000000010bc6c000, 0x000000010dc6c000)

Polling page: 0x000000010885f000

CodeCache: size=245760Kb used=9344Kb max_used=9363Kb free=236415Kb
 bounds [0x0000000110b19000, 0x0000000111449000, 0x000000011fb19000]
 total_blobs=4822 nmethods=4340 adapters=403
 compilation: enabled

Compilation events (10 events):
Event: 1338.461 Thread 0x00007fc275017000 4453       1       java.util.concurrent.locks.AbstractQueuedSynchronizer::transferAfterCancelledWait (34 bytes)
Event: 1338.462 Thread 0x00007fc275017000 nmethod 4453 0x000000011143ec10 code [0x000000011143ed80, 0x000000011143efd8]
Event: 1338.463 Thread 0x00007fc275017000 4454       1       java.util.HashMap::clear (50 bytes)
Event: 1338.463 Thread 0x00007fc275017000 nmethod 4454 0x000000011143f150 code [0x000000011143f2a0, 0x000000011143f410]
Event: 1340.478 Thread 0x00007fc275017000 4455       1       javax.management.ObjectName::isPattern (27 bytes)
Event: 1340.478 Thread 0x00007fc275017000 nmethod 4455 0x000000011143f4d0 code [0x000000011143f620, 0x000000011143f770]
Event: 1340.488 Thread 0x00007fc275017000 4456   !   1       org.apache.catalina.core.ContainerBase::findChildren (42 bytes)
Event: 1340.488 Thread 0x00007fc275017000 nmethod 4456 0x0000000110c67910 code [0x0000000110c67aa0, 0x0000000110c67ed8]
Event: 1340.489 Thread 0x00007fc275017000 4457       1       java.net.InetAddress::holder (5 bytes)
Event: 1340.489 Thread 0x00007fc275017000 nmethod 4457 0x0000000110ca5e10 code [0x0000000110ca5f60, 0x0000000110ca6070]

GC Heap History (10 events):
Event: 23.060 GC heap before
{Heap before GC invocations=9 (full 1):
 PSYoungGen      total 74752K, used 66048K [0x0000000795580000, 0x000000079e780000, 0x00000007c0000000)
  eden space 66048K, 100% used [0x0000000795580000,0x0000000799600000,0x0000000799600000)
  from space 8704K, 0% used [0x0000000799600000,0x0000000799600000,0x0000000799e80000)
  to   space 8704K, 0% used [0x000000079df00000,0x000000079df00000,0x000000079e780000)
 ParOldGen       total 47104K, used 8441K [0x0000000740000000, 0x0000000742e00000, 0x0000000795580000)
  object space 47104K, 17% used [0x0000000740000000,0x000000074083e660,0x0000000742e00000)
 Metaspace       used 24423K, capacity 24754K, committed 25088K, reserved 1071104K
  class space    used 3122K, capacity 3204K, committed 3328K, reserved 1048576K
Event: 23.069 GC heap after
Heap after GC invocations=9 (full 1):
 PSYoungGen      total 137216K, used 8701K [0x0000000795580000, 0x000000079e780000, 0x00000007c0000000)
  eden space 128512K, 0% used [0x0000000795580000,0x0000000795580000,0x000000079d300000)
  from space 8704K, 99% used [0x000000079df00000,0x000000079e77f5d0,0x000000079e780000)
  to   space 9728K, 0% used [0x000000079d480000,0x000000079d480000,0x000000079de00000)
 ParOldGen       total 47104K, used 8598K [0x0000000740000000, 0x0000000742e00000, 0x0000000795580000)
  object space 47104K, 18% used [0x0000000740000000,0x0000000740865ae8,0x0000000742e00000)
 Metaspace       used 24423K, capacity 24754K, committed 25088K, reserved 1071104K
  class space    used 3122K, capacity 3204K, committed 3328K, reserved 1048576K
}
Event: 29.504 GC heap before
{Heap before GC invocations=10 (full 1):
 PSYoungGen      total 137216K, used 137213K [0x0000000795580000, 0x000000079e780000, 0x00000007c0000000)
  eden space 128512K, 100% used [0x0000000795580000,0x000000079d300000,0x000000079d300000)
  from space 8704K, 99% used [0x000000079df00000,0x000000079e77f5d0,0x000000079e780000)
  to   space 9728K, 0% used [0x000000079d480000,0x000000079d480000,0x000000079de00000)
 ParOldGen       total 47104K, used 8598K [0x0000000740000000, 0x0000000742e00000, 0x0000000795580000)
  object space 47104K, 18% used [0x0000000740000000,0x0000000740865ae8,0x0000000742e00000)
 Metaspace       used 30766K, capacity 31186K, committed 31616K, reserved 1077248K
  class space    used 4021K, capacity 4131K, committed 4224K, reserved 1048576K
Event: 29.537 GC heap after
Heap after GC invocations=10 (full 1):
 PSYoungGen      total 139776K, used 9727K [0x0000000795580000, 0x00000007a3300000, 0x00000007c0000000)
  eden space 130048K, 0% used [0x0000000795580000,0x0000000795580000,0x000000079d480000)
  from space 9728K, 99% used [0x000000079d480000,0x000000079ddffe30,0x000000079de00000)
  to   space 13312K, 0% used [0x00000007a2600000,0x00000007a2600000,0x00000007a3300000)
 ParOldGen       total 47104K, used 15466K [0x0000000740000000, 0x0000000742e00000, 0x0000000795580000)
  object space 47104K, 32% used [0x0000000740000000,0x0000000740f1a8d0,0x0000000742e00000)
 Metaspace       used 30766K, capacity 31186K, committed 31616K, reserved 1077248K
  class space    used 4021K, capacity 4131K, committed 4224K, reserved 1048576K
}
Event: 30.536 GC heap before
{Heap before GC invocations=11 (full 1):
 PSYoungGen      total 139776K, used 71925K [0x0000000795580000, 0x00000007a3300000, 0x00000007c0000000)
  eden space 130048K, 47% used [0x0000000795580000,0x000000079923d760,0x000000079d480000)
  from space 9728K, 99% used [0x000000079d480000,0x000000079ddffe30,0x000000079de00000)
  to   space 13312K, 0% used [0x00000007a2600000,0x00000007a2600000,0x00000007a3300000)
 ParOldGen       total 47104K, used 15466K [0x0000000740000000, 0x0000000742e00000, 0x0000000795580000)
  object space 47104K, 32% used [0x0000000740000000,0x0000000740f1a8d0,0x0000000742e00000)
 Metaspace       used 34603K, capacity 35060K, committed 35416K, reserved 1079296K
  class space    used 4483K, capacity 4622K, committed 4696K, reserved 1048576K
Event: 30.567 GC heap after
Heap after GC invocations=11 (full 1):
 PSYoungGen      total 212480K, used 12177K [0x0000000795580000, 0x00000007a3800000, 0x00000007c0000000)
  eden space 199168K, 0% used [0x0000000795580000,0x0000000795580000,0x00000007a1800000)
  from space 13312K, 91% used [0x00000007a2600000,0x00000007a31e4688,0x00000007a3300000)
  to   space 14336K, 0% used [0x00000007a1800000,0x00000007a1800000,0x00000007a2600000)
 ParOldGen       total 47104K, used 19359K [0x0000000740000000, 0x0000000742e00000, 0x0000000795580000)
  object space 47104K, 41% used [0x0000000740000000,0x00000007412e7e88,0x0000000742e00000)
 Metaspace       used 34603K, capacity 35060K, committed 35416K, reserved 1079296K
  class space    used 4483K, capacity 4622K, committed 4696K, reserved 1048576K
}
Event: 30.567 GC heap before
{Heap before GC invocations=12 (full 2):
 PSYoungGen      total 212480K, used 12177K [0x0000000795580000, 0x00000007a3800000, 0x00000007c0000000)
  eden space 199168K, 0% used [0x0000000795580000,0x0000000795580000,0x00000007a1800000)
  from space 13312K, 91% used [0x00000007a2600000,0x00000007a31e4688,0x00000007a3300000)
  to   space 14336K, 0% used [0x00000007a1800000,0x00000007a1800000,0x00000007a2600000)
 ParOldGen       total 47104K, used 19359K [0x0000000740000000, 0x0000000742e00000, 0x0000000795580000)
  object space 47104K, 41% used [0x0000000740000000,0x00000007412e7e88,0x0000000742e00000)
 Metaspace       used 34603K, capacity 35060K, committed 35416K, reserved 1079296K
  class space    used 4483K, capacity 4622K, committed 4696K, reserved 1048576K
Event: 30.660 GC heap after
Heap after GC invocations=12 (full 2):
 PSYoungGen      total 212480K, used 0K [0x0000000795580000, 0x00000007a3800000, 0x00000007c0000000)
  eden space 199168K, 0% used [0x0000000795580000,0x0000000795580000,0x00000007a1800000)
  from space 13312K, 0% used [0x00000007a2600000,0x00000007a2600000,0x00000007a3300000)
  to   space 14336K, 0% used [0x00000007a1800000,0x00000007a1800000,0x00000007a2600000)
 ParOldGen       total 74240K, used 25792K [0x0000000740000000, 0x0000000744880000, 0x0000000795580000)
  object space 74240K, 34% used [0x0000000740000000,0x0000000741930018,0x0000000744880000)
 Metaspace       used 34603K, capacity 35060K, committed 35416K, reserved 1079296K
  class space    used 4483K, capacity 4622K, committed 4696K, reserved 1048576K
}
Event: 46.302 GC heap before
{Heap before GC invocations=13 (full 2):
 PSYoungGen      total 212480K, used 199168K [0x0000000795580000, 0x00000007a3800000, 0x00000007c0000000)
  eden space 199168K, 100% used [0x0000000795580000,0x00000007a1800000,0x00000007a1800000)
  from space 13312K, 0% used [0x00000007a2600000,0x00000007a2600000,0x00000007a3300000)
  to   space 14336K, 0% used [0x00000007a1800000,0x00000007a1800000,0x00000007a2600000)
 ParOldGen       total 74240K, used 25792K [0x0000000740000000, 0x0000000744880000, 0x0000000795580000)
  object space 74240K, 34% used [0x0000000740000000,0x0000000741930018,0x0000000744880000)
 Metaspace       used 40960K, capacity 41452K, committed 41944K, reserved 1085440K
  class space    used 5380K, capacity 5502K, committed 5592K, reserved 1048576K
Event: 46.319 GC heap after
Heap after GC invocations=13 (full 2):
 PSYoungGen      total 213504K, used 9568K [0x0000000795580000, 0x00000007a8d00000, 0x00000007c0000000)
  eden space 199168K, 0% used [0x0000000795580000,0x0000000795580000,0x00000007a1800000)
  from space 14336K, 66% used [0x00000007a1800000,0x00000007a21582f0,0x00000007a2600000)
  to   space 14336K, 0% used [0x00000007a7f00000,0x00000007a7f00000,0x00000007a8d00000)
 ParOldGen       total 74240K, used 25800K [0x0000000740000000, 0x0000000744880000, 0x0000000795580000)
  object space 74240K, 34% used [0x0000000740000000,0x0000000741932018,0x0000000744880000)
 Metaspace       used 40960K, capacity 41452K, committed 41944K, reserved 1085440K
  class space    used 5380K, capacity 5502K, committed 5592K, reserved 1048576K
}

Deoptimization events (0 events):
No events

Internal exceptions (10 events):
Event: 58.992 Thread 0x00007fc276592000 Exception <a 'java/lang/ArrayIndexOutOfBoundsException'> (0x0000000796648548) thrown at [/Users/java_re/workspace/8-2-build-macosx-x86_64/jdk8u102/7268/hotspot/src/share/vm/runtime/sharedRuntime.cpp, line 605]
Event: 59.053 Thread 0x00007fc276592000 Exception <a 'java/lang/ArrayIndexOutOfBoundsException'> (0x0000000796addfb8) thrown at [/Users/java_re/workspace/8-2-build-macosx-x86_64/jdk8u102/7268/hotspot/src/share/vm/runtime/sharedRuntime.cpp, line 605]
Event: 59.054 Thread 0x00007fc276592000 Exception <a 'java/lang/ArrayIndexOutOfBoundsException'> (0x0000000796ae9778) thrown at [/Users/java_re/workspace/8-2-build-macosx-x86_64/jdk8u102/7268/hotspot/src/share/vm/runtime/sharedRuntime.cpp, line 605]
Event: 59.054 Thread 0x00007fc276592000 Exception <a 'java/lang/ArrayIndexOutOfBoundsException'> (0x0000000796aeb6b0) thrown at [/Users/java_re/workspace/8-2-build-macosx-x86_64/jdk8u102/7268/hotspot/src/share/vm/runtime/sharedRuntime.cpp, line 605]
Event: 59.054 Thread 0x00007fc276592000 Exception <a 'java/lang/ArrayIndexOutOfBoundsException'> (0x0000000796af61b8) thrown at [/Users/java_re/workspace/8-2-build-macosx-x86_64/jdk8u102/7268/hotspot/src/share/vm/runtime/sharedRuntime.cpp, line 605]
Event: 59.064 Thread 0x00007fc276592000 Exception <a 'java/lang/ArrayIndexOutOfBoundsException'> (0x0000000796bb3008) thrown at [/Users/java_re/workspace/8-2-build-macosx-x86_64/jdk8u102/7268/hotspot/src/share/vm/runtime/sharedRuntime.cpp, line 605]
Event: 1340.470 Thread 0x00007fc2763da000 Exception <a 'java/net/SocketTimeoutException': connect timed out> (0x0000000797a60150) thrown at [/Users/java_re/workspace/8-2-build-macosx-x86_64/jdk8u102/7268/hotspot/src/share/vm/prims/jni.cpp, line 735]
Event: 1340.471 Thread 0x00007fc276582000 Exception <a 'java/lang/InterruptedException': sleep interrupted> (0x0000000795daeaf0) thrown at [/Users/java_re/workspace/8-2-build-macosx-x86_64/jdk8u102/7268/hotspot/src/share/vm/prims/jvm.cpp, line 3215]
Event: 1342.494 Thread 0x00007fc2763da000 Exception <a 'java/net/SocketTimeoutException': connect timed out> (0x0000000797a70ac8) thrown at [/Users/java_re/workspace/8-2-build-macosx-x86_64/jdk8u102/7268/hotspot/src/share/vm/prims/jni.cpp, line 735]
Event: 1342.499 Thread 0x00007fc27610b000 Exception <a 'java/io/IOException'> (0x00000007983c7720) thrown at [/Users/java_re/workspace/8-2-build-macosx-x86_64/jdk8u102/7268/hotspot/src/share/vm/prims/jni.cpp, line 709]

Events (10 events):
Event: 1342.498 Executing VM operation: RevokeBias
Event: 1342.498 Executing VM operation: RevokeBias done
Event: 1342.498 Thread 0x00007fc275878000 Thread exited: 0x00007fc275878000
Event: 1342.499 loading class java/nio/channels/AsynchronousCloseException
Event: 1342.499 loading class java/nio/channels/ClosedChannelException
Event: 1342.499 loading class java/nio/channels/ClosedChannelException done
Event: 1342.499 loading class java/nio/channels/AsynchronousCloseException done
Event: 1342.500 Executing VM operation: RevokeBias
Event: 1342.500 Executing VM operation: RevokeBias done
Event: 1342.500 Thread 0x00007fc27610b000 Thread exited: 0x00007fc27610b000


Dynamic libraries:
0x000000003deed000 	/System/Library/Frameworks/Cocoa.framework/Versions/A/Cocoa
0x000000003deed000 	/System/Library/Frameworks/Security.framework/Versions/A/Security
0x000000003deed000 	/System/Library/Frameworks/ApplicationServices.framework/Versions/A/ApplicationServices
0x000000003deed000 	/usr/lib/libz.1.dylib
0x000000003deed000 	/usr/lib/libSystem.B.dylib
0x000000003deed000 	/usr/lib/libobjc.A.dylib
0x000000003deed000 	/System/Library/Frameworks/CoreFoundation.framework/Versions/A/CoreFoundation
0x000000003deed000 	/System/Library/Frameworks/Foundation.framework/Versions/C/Foundation
0x000000003deed000 	/System/Library/Frameworks/AppKit.framework/Versions/C/AppKit
0x000000003deed000 	/System/Library/Frameworks/CoreData.framework/Versions/A/CoreData
0x000000003deed000 	/System/Library/PrivateFrameworks/RemoteViewServices.framework/Versions/A/RemoteViewServices
0x000000003deed000 	/System/Library/PrivateFrameworks/UIFoundation.framework/Versions/A/UIFoundation
0x000000003deed000 	/System/Library/PrivateFrameworks/DFRFoundation.framework/Versions/A/DFRFoundation
0x000000003deed000 	/usr/lib/libenergytrace.dylib
0x000000003deed000 	/System/Library/PrivateFrameworks/SkyLight.framework/Versions/A/SkyLight
0x000000003deed000 	/System/Library/Frameworks/CoreGraphics.framework/Versions/A/CoreGraphics
0x000000003deed000 	/usr/lib/libScreenReader.dylib
0x000000003deed000 	/System/Library/Frameworks/Accelerate.framework/Versions/A/Accelerate
0x000000003deed000 	/System/Library/Frameworks/IOSurface.framework/Versions/A/IOSurface
0x000000003deed000 	/System/Library/Frameworks/AudioToolbox.framework/Versions/A/AudioToolbox
0x000000003deed000 	/System/Library/Frameworks/AudioUnit.framework/Versions/A/AudioUnit
0x000000003deed000 	/System/Library/PrivateFrameworks/DataDetectorsCore.framework/Versions/A/DataDetectorsCore
0x000000003deed000 	/System/Library/PrivateFrameworks/DesktopServicesPriv.framework/Versions/A/DesktopServicesPriv
0x000000003deed000 	/System/Library/Frameworks/Carbon.framework/Versions/A/Frameworks/HIToolbox.framework/Versions/A/HIToolbox
0x000000003deed000 	/usr/lib/libicucore.A.dylib
0x000000003deed000 	/System/Library/Frameworks/QuartzCore.framework/Versions/A/QuartzCore
0x000000003deed000 	/System/Library/Frameworks/Carbon.framework/Versions/A/Frameworks/SpeechRecognition.framework/Versions/A/SpeechRecognition
0x000000003deed000 	/usr/lib/libauto.dylib
0x000000003deed000 	/usr/lib/libxml2.2.dylib
0x000000003deed000 	/System/Library/PrivateFrameworks/CoreUI.framework/Versions/A/CoreUI
0x000000003deed000 	/System/Library/Frameworks/CoreAudio.framework/Versions/A/CoreAudio
0x000000003deed000 	/System/Library/Frameworks/DiskArbitration.framework/Versions/A/DiskArbitration
0x000000003deed000 	/usr/lib/liblangid.dylib
0x000000003deed000 	/System/Library/PrivateFrameworks/MultitouchSupport.framework/Versions/A/MultitouchSupport
0x000000003deed000 	/System/Library/Frameworks/IOKit.framework/Versions/A/IOKit
0x000000003deed000 	/usr/lib/libDiagnosticMessagesClient.dylib
0x000000003deed000 	/System/Library/Frameworks/CoreServices.framework/Versions/A/CoreServices
0x000000003deed000 	/System/Library/PrivateFrameworks/PerformanceAnalysis.framework/Versions/A/PerformanceAnalysis
0x000000003deed000 	/System/Library/PrivateFrameworks/GenerationalStorage.framework/Versions/A/GenerationalStorage
0x000000003deed000 	/System/Library/Frameworks/OpenGL.framework/Versions/A/OpenGL
0x000000003deed000 	/System/Library/Frameworks/CoreImage.framework/Versions/A/CoreImage
0x000000003deed000 	/System/Library/Frameworks/CoreText.framework/Versions/A/CoreText
0x000000003deed000 	/System/Library/Frameworks/ImageIO.framework/Versions/A/ImageIO
0x000000003deed000 	/System/Library/PrivateFrameworks/Backup.framework/Versions/A/Backup
0x000000003deed000 	/usr/lib/libarchive.2.dylib
0x000000003deed000 	/System/Library/Frameworks/CFNetwork.framework/Versions/A/CFNetwork
0x000000003deed000 	/System/Library/Frameworks/SystemConfiguration.framework/Versions/A/SystemConfiguration
0x000000003deed000 	/usr/lib/libCRFSuite.dylib
0x000000003deed000 	/usr/lib/libc++.1.dylib
0x000000003deed000 	/usr/lib/libc++abi.dylib
0x000000003deed000 	/usr/lib/system/libcache.dylib
0x000000003deed000 	/usr/lib/system/libcommonCrypto.dylib
0x000000003deed000 	/usr/lib/system/libcompiler_rt.dylib
0x000000003deed000 	/usr/lib/system/libcopyfile.dylib
0x000000003deed000 	/usr/lib/system/libcorecrypto.dylib
0x000000003deed000 	/usr/lib/system/libdispatch.dylib
0x000000003deed000 	/usr/lib/system/libdyld.dylib
0x000000003deed000 	/usr/lib/system/libkeymgr.dylib
0x000000003deed000 	/usr/lib/system/liblaunch.dylib
0x000000003deed000 	/usr/lib/system/libmacho.dylib
0x000000003deed000 	/usr/lib/system/libquarantine.dylib
0x000000003deed000 	/usr/lib/system/libremovefile.dylib
0x000000003deed000 	/usr/lib/system/libsystem_asl.dylib
0x000000003deed000 	/usr/lib/system/libsystem_blocks.dylib
0x000000003deed000 	/usr/lib/system/libsystem_c.dylib
0x000000003deed000 	/usr/lib/system/libsystem_configuration.dylib
0x000000003deed000 	/usr/lib/system/libsystem_coreservices.dylib
0x000000003deed000 	/usr/lib/system/libsystem_coretls.dylib
0x000000003deed000 	/usr/lib/system/libsystem_dnssd.dylib
0x000000003deed000 	/usr/lib/system/libsystem_info.dylib
0x000000003deed000 	/usr/lib/system/libsystem_kernel.dylib
0x000000003deed000 	/usr/lib/system/libsystem_m.dylib
0x000000003deed000 	/usr/lib/system/libsystem_malloc.dylib
0x000000003deed000 	/usr/lib/system/libsystem_network.dylib
0x000000003deed000 	/usr/lib/system/libsystem_networkextension.dylib
0x000000003deed000 	/usr/lib/system/libsystem_notify.dylib
0x000000003deed000 	/usr/lib/system/libsystem_platform.dylib
0x000000003deed000 	/usr/lib/system/libsystem_pthread.dylib
0x000000003deed000 	/usr/lib/system/libsystem_sandbox.dylib
0x000000003deed000 	/usr/lib/system/libsystem_secinit.dylib
0x000000003deed000 	/usr/lib/system/libsystem_symptoms.dylib
0x000000003deed000 	/usr/lib/system/libsystem_trace.dylib
0x000000003deed000 	/usr/lib/system/libunwind.dylib
0x000000003deed000 	/usr/lib/system/libxpc.dylib
0x000000003deed000 	/usr/lib/libbsm.0.dylib
0x000000003deed000 	/usr/lib/system/libkxld.dylib
0x000000003deed000 	/usr/lib/libcoretls.dylib
0x000000003deed000 	/usr/lib/libcoretls_cfhelpers.dylib
0x000000003deed000 	/usr/lib/libOpenScriptingUtil.dylib
0x000000003deed000 	/usr/lib/libpam.2.dylib
0x000000003deed000 	/usr/lib/libsqlite3.dylib
0x000000003deed000 	/usr/lib/libxar.1.dylib
0x000000003deed000 	/usr/lib/libbz2.1.0.dylib
0x000000003deed000 	/usr/lib/liblzma.5.dylib
0x000000003deed000 	/usr/lib/libnetwork.dylib
0x000000003deed000 	/usr/lib/libpcap.A.dylib
0x000000003deed000 	/System/Library/Frameworks/CoreServices.framework/Versions/A/Frameworks/FSEvents.framework/Versions/A/FSEvents
0x000000003deed000 	/System/Library/Frameworks/CoreServices.framework/Versions/A/Frameworks/CarbonCore.framework/Versions/A/CarbonCore
0x000000003deed000 	/System/Library/Frameworks/CoreServices.framework/Versions/A/Frameworks/Metadata.framework/Versions/A/Metadata
0x000000003deed000 	/System/Library/Frameworks/CoreServices.framework/Versions/A/Frameworks/OSServices.framework/Versions/A/OSServices
0x000000003deed000 	/System/Library/Frameworks/CoreServices.framework/Versions/A/Frameworks/SearchKit.framework/Versions/A/SearchKit
0x000000003deed000 	/System/Library/Frameworks/CoreServices.framework/Versions/A/Frameworks/AE.framework/Versions/A/AE
0x000000003deed000 	/System/Library/Frameworks/CoreServices.framework/Versions/A/Frameworks/LaunchServices.framework/Versions/A/LaunchServices
0x000000003deed000 	/System/Library/Frameworks/CoreServices.framework/Versions/A/Frameworks/DictionaryServices.framework/Versions/A/DictionaryServices
0x000000003deed000 	/System/Library/Frameworks/CoreServices.framework/Versions/A/Frameworks/SharedFileList.framework/Versions/A/SharedFileList
0x000000003deed000 	/System/Library/Frameworks/NetFS.framework/Versions/A/NetFS
0x000000003deed000 	/System/Library/PrivateFrameworks/NetAuth.framework/Versions/A/NetAuth
0x000000003deed000 	/System/Library/PrivateFrameworks/login.framework/Versions/A/Frameworks/loginsupport.framework/Versions/A/loginsupport
0x000000003deed000 	/System/Library/PrivateFrameworks/TCC.framework/Versions/A/TCC
0x000000003deed000 	/usr/lib/libmecabra.dylib
0x000000003deed000 	/System/Library/Frameworks/ApplicationServices.framework/Versions/A/Frameworks/ATS.framework/Versions/A/ATS
0x000000003deed000 	/System/Library/Frameworks/ApplicationServices.framework/Versions/A/Frameworks/ColorSync.framework/Versions/A/ColorSync
0x000000003deed000 	/System/Library/Frameworks/ApplicationServices.framework/Versions/A/Frameworks/HIServices.framework/Versions/A/HIServices
0x000000003deed000 	/System/Library/Frameworks/ApplicationServices.framework/Versions/A/Frameworks/LangAnalysis.framework/Versions/A/LangAnalysis
0x000000003deed000 	/System/Library/Frameworks/ApplicationServices.framework/Versions/A/Frameworks/PrintCore.framework/Versions/A/PrintCore
0x000000003deed000 	/System/Library/Frameworks/ApplicationServices.framework/Versions/A/Frameworks/QD.framework/Versions/A/QD
0x000000003deed000 	/System/Library/Frameworks/ApplicationServices.framework/Versions/A/Frameworks/SpeechSynthesis.framework/Versions/A/SpeechSynthesis
0x000000003deed000 	/System/Library/Frameworks/Accelerate.framework/Versions/A/Frameworks/vImage.framework/Versions/A/vImage
0x000000003deed000 	/System/Library/Frameworks/Accelerate.framework/Versions/A/Frameworks/vecLib.framework/Versions/A/vecLib
0x000000003deed000 	/System/Library/Frameworks/Accelerate.framework/Versions/A/Frameworks/vecLib.framework/Versions/A/libvDSP.dylib
0x000000003deed000 	/System/Library/Frameworks/Accelerate.framework/Versions/A/Frameworks/vecLib.framework/Versions/A/libBNNS.dylib
0x000000003deed000 	/System/Library/Frameworks/Accelerate.framework/Versions/A/Frameworks/vecLib.framework/Versions/A/libQuadrature.dylib
0x000000003deed000 	/System/Library/Frameworks/Accelerate.framework/Versions/A/Frameworks/vecLib.framework/Versions/A/libvMisc.dylib
0x000000003deed000 	/System/Library/Frameworks/Accelerate.framework/Versions/A/Frameworks/vecLib.framework/Versions/A/libLAPACK.dylib
0x000000003deed000 	/System/Library/Frameworks/Accelerate.framework/Versions/A/Frameworks/vecLib.framework/Versions/A/libBLAS.dylib
0x000000003deed000 	/System/Library/Frameworks/Accelerate.framework/Versions/A/Frameworks/vecLib.framework/Versions/A/libLinearAlgebra.dylib
0x000000003deed000 	/System/Library/Frameworks/Accelerate.framework/Versions/A/Frameworks/vecLib.framework/Versions/A/libSparseBLAS.dylib
0x000000003deed000 	/System/Library/Frameworks/ApplicationServices.framework/Versions/A/Frameworks/ATS.framework/Versions/A/Resources/libFontParser.dylib
0x000000003deed000 	/System/Library/Frameworks/ApplicationServices.framework/Versions/A/Frameworks/ATS.framework/Versions/A/Resources/libFontRegistry.dylib
0x000000003deed000 	/System/Library/Frameworks/ImageIO.framework/Versions/A/Resources/libJPEG.dylib
0x000000003deed000 	/System/Library/Frameworks/ImageIO.framework/Versions/A/Resources/libTIFF.dylib
0x000000003deed000 	/System/Library/Frameworks/ImageIO.framework/Versions/A/Resources/libPng.dylib
0x000000003deed000 	/System/Library/Frameworks/ImageIO.framework/Versions/A/Resources/libGIF.dylib
0x000000003deed000 	/System/Library/Frameworks/ImageIO.framework/Versions/A/Resources/libJP2.dylib
0x000000003deed000 	/System/Library/Frameworks/ImageIO.framework/Versions/A/Resources/libRadiance.dylib
0x000000003deed000 	/usr/lib/libcompression.dylib
0x000000003deed000 	/System/Library/PrivateFrameworks/AppleJPEG.framework/Versions/A/AppleJPEG
0x000000003deed000 	/usr/lib/libcups.2.dylib
0x000000003deed000 	/System/Library/Frameworks/Kerberos.framework/Versions/A/Kerberos
0x000000003deed000 	/System/Library/Frameworks/GSS.framework/Versions/A/GSS
0x000000003deed000 	/usr/lib/libresolv.9.dylib
0x000000003deed000 	/usr/lib/libiconv.2.dylib
0x000000003deed000 	/System/Library/PrivateFrameworks/Heimdal.framework/Versions/A/Heimdal
0x000000003deed000 	/usr/lib/libheimdal-asn1.dylib
0x000000003deed000 	/System/Library/Frameworks/OpenDirectory.framework/Versions/A/OpenDirectory
0x000000003deed000 	/System/Library/PrivateFrameworks/CommonAuth.framework/Versions/A/CommonAuth
0x000000003deed000 	/System/Library/Frameworks/OpenDirectory.framework/Versions/A/Frameworks/CFOpenDirectory.framework/Versions/A/CFOpenDirectory
0x000000003deed000 	/System/Library/Frameworks/SecurityFoundation.framework/Versions/A/SecurityFoundation
0x000000003deed000 	/System/Library/PrivateFrameworks/LanguageModeling.framework/Versions/A/LanguageModeling
0x000000003deed000 	/usr/lib/libmarisa.dylib
0x000000003deed000 	/usr/lib/libChineseTokenizer.dylib
0x000000003deed000 	/usr/lib/libcmph.dylib
0x000000003deed000 	/System/Library/PrivateFrameworks/CoreEmoji.framework/Versions/A/CoreEmoji
0x000000003deed000 	/System/Library/Frameworks/ServiceManagement.framework/Versions/A/ServiceManagement
0x000000003deed000 	/usr/lib/libxslt.1.dylib
0x000000003deed000 	/System/Library/Frameworks/Carbon.framework/Versions/A/Frameworks/Ink.framework/Versions/A/Ink
0x000000003deed000 	/System/Library/PrivateFrameworks/TextureIO.framework/Versions/A/TextureIO
0x000000003deed000 	/System/Library/Frameworks/Metal.framework/Versions/A/Metal
0x000000003deed000 	/usr/lib/libate.dylib
0x000000003deed000 	/System/Library/PrivateFrameworks/GPUCompiler.framework/libmetal_timestamp.dylib
0x000000003deed000 	/System/Library/Frameworks/OpenGL.framework/Versions/A/Libraries/libCoreFSCache.dylib
0x000000003deed000 	/System/Library/PrivateFrameworks/IOAccelerator.framework/Versions/A/IOAccelerator
0x000000003deed000 	/System/Library/Frameworks/CoreVideo.framework/Versions/A/CoreVideo
0x000000003deed000 	/usr/lib/libFosl_dynamic.dylib
0x000000003deed000 	/System/Library/PrivateFrameworks/MetalPerformanceShaders.framework/Versions/A/MetalPerformanceShaders
0x000000003deed000 	/System/Library/PrivateFrameworks/FaceCore.framework/Versions/A/FaceCore
0x000000003deed000 	/System/Library/Frameworks/OpenCL.framework/Versions/A/OpenCL
0x000000003deed000 	/System/Library/Frameworks/OpenGL.framework/Versions/A/Libraries/libGLU.dylib
0x000000003deed000 	/System/Library/Frameworks/OpenGL.framework/Versions/A/Libraries/libGFXShared.dylib
0x000000003deed000 	/System/Library/Frameworks/OpenGL.framework/Versions/A/Libraries/libGL.dylib
0x000000003deed000 	/System/Library/Frameworks/OpenGL.framework/Versions/A/Libraries/libGLImage.dylib
0x000000003deed000 	/System/Library/Frameworks/OpenGL.framework/Versions/A/Libraries/libCVMSPluginSupport.dylib
0x000000003deed000 	/System/Library/Frameworks/OpenGL.framework/Versions/A/Libraries/libCoreVMClient.dylib
0x000000003deed000 	/System/Library/PrivateFrameworks/CrashReporterSupport.framework/Versions/A/CrashReporterSupport
0x000000003deed000 	/System/Library/PrivateFrameworks/Sharing.framework/Versions/A/Sharing
0x000000003deed000 	/System/Library/PrivateFrameworks/IconServices.framework/Versions/A/IconServices
0x000000003deed000 	/System/Library/PrivateFrameworks/ProtocolBuffer.framework/Versions/A/ProtocolBuffer
0x000000003deed000 	/System/Library/PrivateFrameworks/Apple80211.framework/Versions/A/Apple80211
0x000000003deed000 	/System/Library/Frameworks/CoreWLAN.framework/Versions/A/CoreWLAN
0x000000003deed000 	/System/Library/PrivateFrameworks/CoreUtils.framework/Versions/A/CoreUtils
0x000000003deed000 	/System/Library/Frameworks/IOBluetooth.framework/Versions/A/IOBluetooth
0x000000003deed000 	/System/Library/PrivateFrameworks/CoreWiFi.framework/Versions/A/CoreWiFi
0x000000003deed000 	/System/Library/Frameworks/CoreBluetooth.framework/Versions/A/CoreBluetooth
0x000000003deed000 	/System/Library/Frameworks/CoreDisplay.framework/Versions/A/CoreDisplay
0x000000003deed000 	/System/Library/PrivateFrameworks/IOPresentment.framework/Versions/A/IOPresentment
0x000000003deed000 	/System/Library/PrivateFrameworks/DSExternalDisplay.framework/Versions/A/DSExternalDisplay
0x000000003deed000 	/System/Library/PrivateFrameworks/DebugSymbols.framework/Versions/A/DebugSymbols
0x000000003deed000 	/System/Library/PrivateFrameworks/CoreSymbolication.framework/Versions/A/CoreSymbolication
0x000000003deed000 	/System/Library/PrivateFrameworks/Symbolication.framework/Versions/A/Symbolication
0x000000003deed000 	/System/Library/PrivateFrameworks/AppleFSCompression.framework/Versions/A/AppleFSCompression
0x000000003deed000 	/System/Library/PrivateFrameworks/SpeechRecognitionCore.framework/Versions/A/SpeechRecognitionCore
0x000000003deed000 	/System/Library/PrivateFrameworks/ChunkingLibrary.framework/Versions/A/ChunkingLibrary
0x000000010787b000 	/Library/Java/JavaVirtualMachines/jdk1.8.0_102.jdk/Contents/Home/jre/lib/server/libjvm.dylib
0x000000003deed000 	/usr/lib/libstdc++.6.dylib
0x000000010881c000 	/Library/Java/JavaVirtualMachines/jdk1.8.0_102.jdk/Contents/Home/jre/lib/libverify.dylib
0x000000010882a000 	/Library/Java/JavaVirtualMachines/jdk1.8.0_102.jdk/Contents/Home/jre/lib/libjava.dylib
0x0000000108860000 	/Library/Java/JavaVirtualMachines/jdk1.8.0_102.jdk/Contents/Home/jre/lib/libjdwp.dylib
0x00000001088ab000 	/Library/Java/JavaVirtualMachines/jdk1.8.0_102.jdk/Contents/Home/jre/lib/libnpt.dylib
0x00000001088b8000 	/Library/Java/JavaVirtualMachines/jdk1.8.0_102.jdk/Contents/Home/jre/lib/libzip.dylib
0x00000001089e3000 	/System/Library/Frameworks/JavaVM.framework/Frameworks/JavaRuntimeSupport.framework/JavaRuntimeSupport
0x000000010fa42000 	/System/Library/Frameworks/JavaVM.framework/Versions/A/Frameworks/JavaNativeFoundation.framework/Versions/A/JavaNativeFoundation
0x000000010fa57000 	/System/Library/Frameworks/JavaVM.framework/Versions/A/JavaVM
0x000000003deed000 	/System/Library/Frameworks/Carbon.framework/Versions/A/Carbon
0x000000010fa64000 	/System/Library/PrivateFrameworks/JavaLaunching.framework/Versions/A/JavaLaunching
0x000000003deed000 	/System/Library/Frameworks/Carbon.framework/Versions/A/Frameworks/CommonPanels.framework/Versions/A/CommonPanels
0x000000003deed000 	/System/Library/Frameworks/Carbon.framework/Versions/A/Frameworks/Help.framework/Versions/A/Help
0x000000003deed000 	/System/Library/Frameworks/Carbon.framework/Versions/A/Frameworks/ImageCapture.framework/Versions/A/ImageCapture
0x000000003deed000 	/System/Library/Frameworks/Carbon.framework/Versions/A/Frameworks/OpenScripting.framework/Versions/A/OpenScripting
0x000000003deed000 	/System/Library/Frameworks/Carbon.framework/Versions/A/Frameworks/Print.framework/Versions/A/Print
0x000000003deed000 	/System/Library/Frameworks/Carbon.framework/Versions/A/Frameworks/SecurityHI.framework/Versions/A/SecurityHI
0x000000010fab8000 	/Library/Java/JavaVirtualMachines/jdk1.8.0_102.jdk/Contents/Home/jre/lib/libdt_socket.dylib
0x000000010fabf000 	/Library/Java/JavaVirtualMachines/jdk1.8.0_102.jdk/Contents/Home/jre/lib/libmanagement.dylib
0x000000010facd000 	/Library/Java/JavaVirtualMachines/jdk1.8.0_102.jdk/Contents/Home/jre/lib/libnet.dylib
0x000000010fb2c000 	/Library/Java/JavaVirtualMachines/jdk1.8.0_102.jdk/Contents/Home/jre/lib/libnio.dylib
0x00000001109be000 	/Library/Java/JavaVirtualMachines/jdk1.8.0_102.jdk/Contents/Home/jre/lib/libsunec.dylib

VM Arguments:
jvm_args: -agentlib:jdwp=transport=dt_socket,address=127.0.0.1:61439,suspend=y,server=n -XX:TieredStopAtLevel=1 -Xverify:none -Dspring.output.ansi.enabled=always -Dcom.sun.management.jmxremote -Dcom.sun.management.jmxremote.port=61438 -Dcom.sun.management.jmxremote.authenticate=false -Dcom.sun.management.jmxremote.ssl=false -Dspring.liveBeansView.mbeanDomain -Dspring.application.admin.enabled=true -Dfile.encoding=UTF-8 
java_command: com.aptech.itblog.Application
java_class_path (initial): /Library/Java/JavaVirtualMachines/jdk1.8.0_102.jdk/Contents/Home/jre/lib/charsets.jar:/Library/Java/JavaVirtualMachines/jdk1.8.0_102.jdk/Contents/Home/jre/lib/deploy.jar:/Library/Java/JavaVirtualMachines/jdk1.8.0_102.jdk/Contents/Home/jre/lib/ext/cldrdata.jar:/Library/Java/JavaVirtualMachines/jdk1.8.0_102.jdk/Contents/Home/jre/lib/ext/dnsns.jar:/Library/Java/JavaVirtualMachines/jdk1.8.0_102.jdk/Contents/Home/jre/lib/ext/jaccess.jar:/Library/Java/JavaVirtualMachines/jdk1.8.0_102.jdk/Contents/Home/jre/lib/ext/jfxrt.jar:/Library/Java/JavaVirtualMachines/jdk1.8.0_102.jdk/Contents/Home/jre/lib/ext/localedata.jar:/Library/Java/JavaVirtualMachines/jdk1.8.0_102.jdk/Contents/Home/jre/lib/ext/nashorn.jar:/Library/Java/JavaVirtualMachines/jdk1.8.0_102.jdk/Contents/Home/jre/lib/ext/sunec.jar:/Library/Java/JavaVirtualMachines/jdk1.8.0_102.jdk/Contents/Home/jre/lib/ext/sunjce_provider.jar:/Library/Java/JavaVirtualMachines/jdk1.8.0_102.jdk/Contents/Home/jre/lib/ext/sunpkcs11.jar:/Library/Java/JavaVirtualMachines/jdk1.8.0_102.jdk/Contents/Home/jre/lib/ext/zipfs.jar:/Library/Java/JavaVirtualMachines/jdk1.8.0_102.jdk/Contents/Home/jre/lib/javaws.jar:/Library/Java/JavaVirtualMachines/jdk1.8.0_102.jdk/Contents/Home/jre/lib/jce.jar:/Library/Java/JavaVirtualMachines/jdk1.8.0_102.jdk/Contents/Home/jre/lib/jfr.jar:/Library/Java/JavaVirtualMachines/jdk1.8.0_102.jdk/Contents/Home/jre/lib/jfxswt.jar:/Library/Java/JavaVirtualMachines/jdk1.8.0_102.jdk/Contents/Home/jre/lib/jsse.jar:/Library/Java/JavaVirtualMachines/jdk1.8.0_102.jdk/Contents/Home/jre/lib/management-agent.jar:/Library/Java/JavaVirtualMachines/jdk1.8.0_102.jdk/Contents/Home/jre/lib/plugin.jar:/Library/Java/JavaVirtualMachines/jdk1.8.0_102.jdk/Contents/Home/jre/lib/resources.jar:/Library/Java/JavaVirtualMachines/jdk1.8.0_102.jdk/Contents/Home/jre/lib/rt.jar:/Library/Java/JavaVirtualMachines/jdk1.8.0_102.jdk/Contents/Home/lib/ant-javafx.jar:/Library/Java/JavaVirtualMachines/jdk1.8.0_102.jdk/Contents/Home
Launcher Type: SUN_STANDARD

Environment Variables:
PATH=/Users/zcmgyu/bin:/usr/local/bin:/usr/local/bin:/usr/bin:/bin:/usr/sbin:/sbin:/opt/X11/bin:/usr/local/share/dotnet:/usr/local/git/bin:/Library/Frameworks/Mono.framework/Versions/Current/Commands:/Applications/Postgres.app/Contents/Versions/latest/bin:/Users/zcmgyu/Library/Android/sdk/tools:/Users/zcmgyu/Library/Android/sdk/platform-tools
SHELL=/bin/zsh
DISPLAY=/private/tmp/com.apple.launchd.5zKlGtWMMH/org.macosforge.xquartz:0

Signal Handlers:
SIGSEGV: [libjvm.dylib+0x5b0579], sa_mask[0]=11111111011111110111111111111111, sa_flags=SA_ONSTACK|SA_RESTART|SA_SIGINFO
SIGBUS: [libjvm.dylib+0x5b0579], sa_mask[0]=11111111011111110111111111111111, sa_flags=SA_RESTART|SA_SIGINFO
SIGFPE: [libjvm.dylib+0x4874e4], sa_mask[0]=11111111011111110111111111111111, sa_flags=SA_RESTART|SA_SIGINFO
SIGPIPE: [libjvm.dylib+0x4874e4], sa_mask[0]=11111111011111110111111111111111, sa_flags=SA_RESTART|SA_SIGINFO
SIGXFSZ: [libjvm.dylib+0x4874e4], sa_mask[0]=11111111011111110111111111111111, sa_flags=SA_RESTART|SA_SIGINFO
SIGILL: [libjvm.dylib+0x4874e4], sa_mask[0]=11111111011111110111111111111111, sa_flags=SA_RESTART|SA_SIGINFO
SIGUSR1: SIG_DFL, sa_mask[0]=00000000000000000000000000000000, sa_flags=none
SIGUSR2: [libjvm.dylib+0x487002], sa_mask[0]=00100000000000000000000000000000, sa_flags=SA_RESTART|SA_SIGINFO
SIGHUP: [libjvm.dylib+0x4855d9], sa_mask[0]=11111111011111110111111111111111, sa_flags=SA_RESTART|SA_SIGINFO
SIGINT: [libjvm.dylib+0x4855d9], sa_mask[0]=11111111011111110111111111111111, sa_flags=SA_RESTART|SA_SIGINFO
SIGTERM: [libjvm.dylib+0x4855d9], sa_mask[0]=11111111011111110111111111111111, sa_flags=SA_RESTART|SA_SIGINFO
SIGQUIT: [libjvm.dylib+0x4855d9], sa_mask[0]=11111111011111110111111111111111, sa_flags=SA_RESTART|SA_SIGINFO


---------------  S Y S T E M  ---------------

OS:Bsduname:Darwin 16.7.0 Darwin Kernel Version 16.7.0: Mon Nov 13 21:56:25 PST 2017; root:xnu-3789.72.11~1/RELEASE_X86_64 x86_64
rlimit: STACK 8192k, CORE 0k, NPROC 709, NOFILE 10240, AS infinity
load average:2.90 2.66 2.66

CPU:total 4 (2 cores per cpu, 2 threads per core) family 6 model 58 stepping 9, cmov, cx8, fxsr, mmx, sse, sse2, sse3, ssse3, sse4.1, sse4.2, popcnt, avx, aes, clmul, erms, ht, tsc, tscinvbit, tscinv

Memory: 4k page, physical 8388608k(29852k free)

/proc/meminfo:


vm_info: Java HotSpot(TM) 64-Bit Server VM (25.102-b14) for bsd-amd64 JRE (1.8.0_102-b14), built on Jun 22 2016 11:42:36 by "java_re" with gcc 4.2.1 (Based on Apple Inc. build 5658) (LLVM build 2336.11.00)

time: Mon Jan 15 03:22:59 2018
elapsed time: 1342 seconds (0d 0h 22m 22s)

